[2025-11-10T17:20:41.280275762] Robot robot_1 is in the charging queue
[2025-11-10T17:20:41.280918997] Robot robot_1 is waiting for charge (battery=19.0)
[2025-11-10T17:20:42.285287840] Robot robot_1 left the queue
[2025-11-10T17:20:42.285968160] Robot robot_1 is IDLE (battery=19.0)
[2025-11-10T17:20:42.387096350] Robot robot_1 is in the charging queue
[2025-11-10T17:20:42.387764378] Robot robot_1 is waiting for charge (battery=19.0)
[2025-11-10T17:20:43.390814696] Robot robot_1 is charging (battery=23.0)
[2025-11-10T17:20:45.499405348] Robot robot_1 is IDLE (battery=100.0)
[2025-11-10T17:40:00.056040438] Robot robot_1 is in the charging queue
[2025-11-10T17:40:00.056572137] Robot robot_1 is waiting for charge (battery=19.0)
[2025-11-10T17:40:01.060292228] Robot robot_1 left the queue
[2025-11-10T17:40:01.061152039] Robot robot_1 is IDLE (battery=19.0)
[2025-11-10T17:40:01.161832759] Robot robot_1 is in the charging queue
[2025-11-10T17:40:01.162305233] Robot robot_1 is waiting for charge (battery=19.0)
[2025-11-10T17:40:02.165151126] Robot robot_1 left the queue
[2025-11-10T17:40:02.165669485] Robot robot_1 is IDLE (battery=19.0)
[2025-11-10T17:40:02.266335748] Robot robot_1 is in the charging queue
[2025-11-10T17:40:02.266848310] Robot robot_1 is waiting for charge (battery=19.0)
[2025-11-10T17:40:03.271474936] Robot robot_1 left the queue
[2025-11-10T17:40:03.272204144] Robot robot_1 is IDLE (battery=19.0)
[2025-11-10T17:40:03.372758871] Robot robot_1 is in the charging queue
[2025-11-10T17:40:03.373313198] Robot robot_1 is waiting for charge (battery=19.0)
[2025-11-10T17:40:04.277329504] Robot robot_1 is charging (battery=23.0)
[2025-11-10T17:40:06.386426782] Robot robot_1 is IDLE (battery=100.0)
[2025-11-10T17:43:20.285576546] Robot robot_1 is charging at ch_st_1
[2025-11-10T17:43:20.286229908] Robot robot_1 is charging (battery=23.0)
[2025-11-10T17:43:22.394624936] Robot robot_1 is IDLE (battery=100.0)
[2025-11-10T20:54:24.349294767] Robot robot_1 is in the charging queue
[2025-11-10T20:54:24.350038154] Robot robot_1 is waiting for charge (battery=19.0)
[2025-11-10T20:54:25.354157232] Robot robot_1 left the queue
[2025-11-10T20:54:25.355099595] Robot robot_1 starts executing the new task with id: 2025-11-10T20:53:34.801798315
[2025-11-10T20:54:25.455968088] Robot robot_1 is in the charging queue
[2025-11-10T20:54:25.456521996] Robot robot_1 is waiting for charge (battery=19.0)
[2025-11-10T20:54:26.458986962] Robot robot_1 is charging (battery=23.0)
[2025-11-10T20:54:28.564026331] Robot robot_1 is IDLE (battery=100.0)
[2025-11-10T20:56:30.557419989] Robot robot_1 starts executing the new task with id: 2025-11-10T20:56:30.508481768
[2025-11-10T20:56:32.669296629] Robot robot_1 is IDLE (battery=90.0)
[2025-11-10T21:01:04.032675165] Robot robot_1 is in the charging queue
[2025-11-10T21:01:05.036263050] Robot robot_1 left the queue
[2025-11-10T21:01:05.036931777] Robot robot_1 is IDLE now and tries to get a new task (it's battery level is 19.0)
[2025-11-10T21:01:05.137512597] Robot robot_1 is in the charging queue
[2025-11-10T21:01:06.141551444] Robot robot_1 left the queue
[2025-11-10T21:01:06.141960921] Robot robot_1 is IDLE now and tries to get a new task (it's battery level is 19.0)
[2025-11-10T21:01:06.243246017] Robot robot_1 is charging at ch_st_1
[2025-11-10T21:01:06.243823880] Robot robot_1 is charging (it's battery level is 23.0)
[2025-11-10T21:01:06.344478522] Robot robot_1 is charging (it's battery level is 27.0)
[2025-11-10T21:01:06.445470425] Robot robot_1 is charging (it's battery level is 31.0)
[2025-11-10T21:01:06.546180590] Robot robot_1 is charging (it's battery level is 35.0)
[2025-11-10T21:01:06.647108938] Robot robot_1 is charging (it's battery level is 39.0)
[2025-11-10T21:01:06.747745282] Robot robot_1 is charging (it's battery level is 43.0)
[2025-11-10T21:01:06.848373663] Robot robot_1 is charging (it's battery level is 47.0)
[2025-11-10T21:01:06.949330436] Robot robot_1 is charging (it's battery level is 51.0)
[2025-11-10T21:01:07.061268784] Robot robot_1 is charging (it's battery level is 55.0)
[2025-11-10T21:01:07.162298960] Robot robot_1 is charging (it's battery level is 59.0)
[2025-11-10T21:01:07.263090629] Robot robot_1 is charging (it's battery level is 63.0)
[2025-11-10T21:01:07.363699455] Robot robot_1 is charging (it's battery level is 67.0)
[2025-11-10T21:01:07.464315754] Robot robot_1 is charging (it's battery level is 71.0)
[2025-11-10T21:01:07.565168953] Robot robot_1 is charging (it's battery level is 75.0)
[2025-11-10T21:01:07.666083612] Robot robot_1 is charging (it's battery level is 79.0)
[2025-11-10T21:01:07.766701657] Robot robot_1 is charging (it's battery level is 83.0)
[2025-11-10T21:01:07.867293582] Robot robot_1 is charging (it's battery level is 87.0)
[2025-11-10T21:01:07.967958001] Robot robot_1 is charging (it's battery level is 91.0)
[2025-11-10T21:01:08.068589455] Robot robot_1 is charging (it's battery level is 95.0)
[2025-11-10T21:01:08.169315614] Robot robot_1 is charging (it's battery level is 99.0)
[2025-11-10T21:01:08.269971513] Robot robot_1 is charging (it's battery level is 100.0)
[2025-11-10T21:01:08.370985276] Robot robot_1 is IDLE now and tries to get a new task (it's battery level is 100.0)
[2025-11-10T21:01:08.471338135] Robot robot_1 is IDLE now and tries to get a new task (it's battery level is 100.0)
[2025-11-10T21:01:08.571908549] Robot robot_1 is IDLE now and tries to get a new task (it's battery level is 100.0)
[2025-11-10T21:01:08.672371547] Robot robot_1 is IDLE now and tries to get a new task (it's battery level is 100.0)
[2025-11-10T21:01:08.773092048] Robot robot_1 is IDLE now and tries to get a new task (it's battery level is 100.0)
[2025-11-10T21:01:08.873684042] Robot robot_1 is IDLE now and tries to get a new task (it's battery level is 100.0)
[2025-11-10T21:01:08.974357960] Robot robot_1 is IDLE now and tries to get a new task (it's battery level is 100.0)
[2025-11-10T21:01:09.074963643] Robot robot_1 is IDLE now and tries to get a new task (it's battery level is 100.0)
[2025-11-10T21:01:09.175849179] Robot robot_1 is IDLE now and tries to get a new task (it's battery level is 100.0)
[2025-11-10T21:01:09.276623597] Robot robot_1 is IDLE now and tries to get a new task (it's battery level is 100.0)
[2025-11-10T21:01:09.377314556] Robot robot_1 is IDLE now and tries to get a new task (it's battery level is 100.0)
[2025-11-10T21:01:09.477868906] Robot robot_1 is IDLE now and tries to get a new task (it's battery level is 100.0)
[2025-11-10T21:01:09.578394691] Robot robot_1 is IDLE now and tries to get a new task (it's battery level is 100.0)
[2025-11-10T21:01:09.679385826] Robot robot_1 is IDLE now and tries to get a new task (it's battery level is 100.0)
[2025-11-10T21:01:09.779984455] Robot robot_1 is IDLE now and tries to get a new task (it's battery level is 100.0)
[2025-11-10T21:01:09.880421962] Robot robot_1 is IDLE now and tries to get a new task (it's battery level is 100.0)
[2025-11-10T21:01:09.981128425] Robot robot_1 is IDLE now and tries to get a new task (it's battery level is 100.0)
[2025-11-10T21:01:10.082121725] Robot robot_1 is IDLE now and tries to get a new task (it's battery level is 100.0)
[2025-11-10T21:01:10.184174582] Robot robot_1 is IDLE now and tries to get a new task (it's battery level is 100.0)
[2025-11-10T21:01:10.285082396] Robot robot_1 is IDLE now and tries to get a new task (it's battery level is 100.0)
[2025-11-10T21:01:10.385654207] Robot robot_1 is IDLE now and tries to get a new task (it's battery level is 100.0)
[2025-11-10T21:01:10.486214842] Robot robot_1 is IDLE now and tries to get a new task (it's battery level is 100.0)
[2025-11-10T21:01:10.586742653] Robot robot_1 is IDLE now and tries to get a new task (it's battery level is 100.0)
[2025-11-10T21:01:10.687241409] Robot robot_1 is IDLE now and tries to get a new task (it's battery level is 100.0)
[2025-11-10T21:01:10.788010241] Robot robot_1 is IDLE now and tries to get a new task (it's battery level is 100.0)
[2025-11-10T21:01:10.888652730] Robot robot_1 is IDLE now and tries to get a new task (it's battery level is 100.0)
[2025-11-10T21:01:10.989819096] Robot robot_1 is IDLE now and tries to get a new task (it's battery level is 100.0)
[2025-11-10T21:01:11.090349630] Robot robot_1 is IDLE now and tries to get a new task (it's battery level is 100.0)
[2025-11-10T21:01:11.190956012] Robot robot_1 is IDLE now and tries to get a new task (it's battery level is 100.0)
[2025-11-10T21:01:11.291398965] Robot robot_1 is IDLE now and tries to get a new task (it's battery level is 100.0)
[2025-11-10T21:01:11.391980274] Robot robot_1 is IDLE now and tries to get a new task (it's battery level is 100.0)
[2025-11-10T21:01:11.492344587] Robot robot_1 is IDLE now and tries to get a new task (it's battery level is 100.0)
[2025-11-10T21:01:11.592610773] Robot robot_1 is IDLE now and tries to get a new task (it's battery level is 100.0)
[2025-11-10T21:01:11.693006864] Robot robot_1 is IDLE now and tries to get a new task (it's battery level is 100.0)
[2025-11-10T21:01:11.793622255] Robot robot_1 is IDLE now and tries to get a new task (it's battery level is 100.0)
[2025-11-10T21:01:11.894195322] Robot robot_1 is IDLE now and tries to get a new task (it's battery level is 100.0)
[2025-11-10T21:01:11.994683183] Robot robot_1 is IDLE now and tries to get a new task (it's battery level is 100.0)
[2025-11-10T21:01:12.095246403] Robot robot_1 is IDLE now and tries to get a new task (it's battery level is 100.0)
[2025-11-10T21:01:12.195670151] Robot robot_1 is IDLE now and tries to get a new task (it's battery level is 100.0)
[2025-11-10T21:01:12.296175891] Robot robot_1 is IDLE now and tries to get a new task (it's battery level is 100.0)
[2025-11-10T21:01:12.396699651] Robot robot_1 is IDLE now and tries to get a new task (it's battery level is 100.0)
[2025-11-10T21:01:12.497156433] Robot robot_1 is IDLE now and tries to get a new task (it's battery level is 100.0)
[2025-11-10T21:01:12.597628860] Robot robot_1 is IDLE now and tries to get a new task (it's battery level is 100.0)
[2025-11-10T21:01:12.698213521] Robot robot_1 is IDLE now and tries to get a new task (it's battery level is 100.0)
[2025-11-10T21:01:12.798919496] Robot robot_1 is IDLE now and tries to get a new task (it's battery level is 100.0)
[2025-11-10T21:01:12.899285694] Robot robot_1 is IDLE now and tries to get a new task (it's battery level is 100.0)
[2025-11-10T21:01:12.999831105] Robot robot_1 is IDLE now and tries to get a new task (it's battery level is 100.0)
[2025-11-10T21:01:13.100237322] Robot robot_1 is IDLE now and tries to get a new task (it's battery level is 100.0)
[2025-11-10T21:01:13.200680206] Robot robot_1 is IDLE now and tries to get a new task (it's battery level is 100.0)
[2025-11-10T21:01:13.301116804] Robot robot_1 is IDLE now and tries to get a new task (it's battery level is 100.0)
[2025-11-10T21:01:13.401588462] Robot robot_1 is IDLE now and tries to get a new task (it's battery level is 100.0)
[2025-11-10T21:01:13.502020521] Robot robot_1 is IDLE now and tries to get a new task (it's battery level is 100.0)
[2025-11-10T21:01:13.602371005] Robot robot_1 is IDLE now and tries to get a new task (it's battery level is 100.0)
[2025-11-10T21:01:13.702689992] Robot robot_1 is IDLE now and tries to get a new task (it's battery level is 100.0)
[2025-11-10T21:01:13.803057168] Robot robot_1 is IDLE now and tries to get a new task (it's battery level is 100.0)
[2025-11-10T21:01:13.903469881] Robot robot_1 is IDLE now and tries to get a new task (it's battery level is 100.0)
[2025-11-10T21:01:14.003886923] Robot robot_1 is IDLE now and tries to get a new task (it's battery level is 100.0)
[2025-11-10T21:01:14.104253611] Robot robot_1 is IDLE now and tries to get a new task (it's battery level is 100.0)
[2025-11-10T21:01:14.204567918] Robot robot_1 is IDLE now and tries to get a new task (it's battery level is 100.0)
[2025-11-10T21:01:14.304975113] Robot robot_1 is IDLE now and tries to get a new task (it's battery level is 100.0)
[2025-11-10T21:01:14.405374556] Robot robot_1 is IDLE now and tries to get a new task (it's battery level is 100.0)
[2025-11-10T21:01:14.505685999] Robot robot_1 is IDLE now and tries to get a new task (it's battery level is 100.0)
[2025-11-10T21:01:14.606036903] Robot robot_1 is IDLE now and tries to get a new task (it's battery level is 100.0)
[2025-11-10T21:01:14.706507024] Robot robot_1 is IDLE now and tries to get a new task (it's battery level is 100.0)
[2025-11-10T21:01:14.806916664] Robot robot_1 is IDLE now and tries to get a new task (it's battery level is 100.0)
[2025-11-10T21:01:14.907362062] Robot robot_1 is IDLE now and tries to get a new task (it's battery level is 100.0)
[2025-11-10T21:01:15.007698788] Robot robot_1 is IDLE now and tries to get a new task (it's battery level is 100.0)
[2025-11-10T21:01:15.108075044] Robot robot_1 is IDLE now and tries to get a new task (it's battery level is 100.0)
[2025-11-10T21:01:15.208749939] Robot robot_1 is IDLE now and tries to get a new task (it's battery level is 100.0)
[2025-11-10T21:01:15.309115649] Robot robot_1 is IDLE now and tries to get a new task (it's battery level is 100.0)
[2025-11-10T21:01:15.409443156] Robot robot_1 is IDLE now and tries to get a new task (it's battery level is 100.0)
[2025-11-10T21:01:15.509863830] Robot robot_1 is IDLE now and tries to get a new task (it's battery level is 100.0)
[2025-11-10T21:01:15.610381095] Robot robot_1 is IDLE now and tries to get a new task (it's battery level is 100.0)
[2025-11-10T21:01:15.710907578] Robot robot_1 is IDLE now and tries to get a new task (it's battery level is 100.0)
[2025-11-10T21:01:15.811606219] Robot robot_1 is IDLE now and tries to get a new task (it's battery level is 100.0)
[2025-11-10T21:01:15.912111890] Robot robot_1 is IDLE now and tries to get a new task (it's battery level is 100.0)
[2025-11-10T21:01:16.012552050] Robot robot_1 is IDLE now and tries to get a new task (it's battery level is 100.0)
[2025-11-10T21:01:16.113017213] Robot robot_1 is IDLE now and tries to get a new task (it's battery level is 100.0)
[2025-11-10T21:01:16.213559551] Robot robot_1 is IDLE now and tries to get a new task (it's battery level is 100.0)
[2025-11-10T21:01:16.313980575] Robot robot_1 is IDLE now and tries to get a new task (it's battery level is 100.0)
[2025-11-10T21:01:16.414481845] Robot robot_1 is IDLE now and tries to get a new task (it's battery level is 100.0)
[2025-11-10T21:01:16.514975434] Robot robot_1 is IDLE now and tries to get a new task (it's battery level is 100.0)
[2025-11-10T21:01:16.615377461] Robot robot_1 is IDLE now and tries to get a new task (it's battery level is 100.0)
[2025-11-10T21:01:16.715902268] Robot robot_1 is IDLE now and tries to get a new task (it's battery level is 100.0)
[2025-11-10T21:01:16.816301013] Robot robot_1 is IDLE now and tries to get a new task (it's battery level is 100.0)
[2025-11-10T21:01:16.916641021] Robot robot_1 is IDLE now and tries to get a new task (it's battery level is 100.0)
[2025-11-10T21:01:17.016953721] Robot robot_1 is IDLE now and tries to get a new task (it's battery level is 100.0)
[2025-11-10T21:01:17.117229825] Robot robot_1 is IDLE now and tries to get a new task (it's battery level is 100.0)
[2025-11-10T21:01:17.217534494] Robot robot_1 is IDLE now and tries to get a new task (it's battery level is 100.0)
[2025-11-10T21:01:17.317864515] Robot robot_1 is IDLE now and tries to get a new task (it's battery level is 100.0)
[2025-11-10T21:01:17.418187761] Robot robot_1 is IDLE now and tries to get a new task (it's battery level is 100.0)
[2025-11-10T21:01:17.518558360] Robot robot_1 is IDLE now and tries to get a new task (it's battery level is 100.0)
[2025-11-10T21:01:17.618939295] Robot robot_1 is IDLE now and tries to get a new task (it's battery level is 100.0)
[2025-11-10T21:01:17.719288313] Robot robot_1 is IDLE now and tries to get a new task (it's battery level is 100.0)
[2025-11-10T21:01:17.819711921] Robot robot_1 is IDLE now and tries to get a new task (it's battery level is 100.0)
[2025-11-10T21:01:17.920141954] Robot robot_1 is IDLE now and tries to get a new task (it's battery level is 100.0)
[2025-11-10T21:01:18.020512622] Robot robot_1 is IDLE now and tries to get a new task (it's battery level is 100.0)
[2025-11-10T21:01:18.120905081] Robot robot_1 is IDLE now and tries to get a new task (it's battery level is 100.0)
[2025-11-10T21:01:18.221302219] Robot robot_1 is IDLE now and tries to get a new task (it's battery level is 100.0)
[2025-11-10T21:01:18.321713256] Robot robot_1 is IDLE now and tries to get a new task (it's battery level is 100.0)
[2025-11-10T21:01:18.422091048] Robot robot_1 is IDLE now and tries to get a new task (it's battery level is 100.0)
[2025-11-10T21:01:18.522558935] Robot robot_1 is IDLE now and tries to get a new task (it's battery level is 100.0)
[2025-11-10T21:01:18.622983101] Robot robot_1 is IDLE now and tries to get a new task (it's battery level is 100.0)
[2025-11-10T21:01:18.723460836] Robot robot_1 is IDLE now and tries to get a new task (it's battery level is 100.0)
[2025-11-10T21:01:18.823820330] Robot robot_1 is IDLE now and tries to get a new task (it's battery level is 100.0)
[2025-11-10T21:01:18.924159011] Robot robot_1 is IDLE now and tries to get a new task (it's battery level is 100.0)
[2025-11-10T21:01:19.024505724] Robot robot_1 is IDLE now and tries to get a new task (it's battery level is 100.0)
[2025-11-10T21:01:19.124931497] Robot robot_1 is IDLE now and tries to get a new task (it's battery level is 100.0)
[2025-11-10T21:01:19.225295321] Robot robot_1 is IDLE now and tries to get a new task (it's battery level is 100.0)
[2025-11-10T21:01:19.325676326] Robot robot_1 is IDLE now and tries to get a new task (it's battery level is 100.0)
[2025-11-10T21:01:19.426076746] Robot robot_1 is IDLE now and tries to get a new task (it's battery level is 100.0)
[2025-11-10T21:01:19.526376247] Robot robot_1 is IDLE now and tries to get a new task (it's battery level is 100.0)
[2025-11-10T21:01:19.626712833] Robot robot_1 is IDLE now and tries to get a new task (it's battery level is 100.0)
[2025-11-10T21:01:19.727129457] Robot robot_1 is IDLE now and tries to get a new task (it's battery level is 100.0)
[2025-11-10T21:01:19.827587985] Robot robot_1 is IDLE now and tries to get a new task (it's battery level is 100.0)
[2025-11-10T21:01:19.928215179] Robot robot_1 is IDLE now and tries to get a new task (it's battery level is 100.0)
[2025-11-10T21:01:20.028581308] Robot robot_1 is IDLE now and tries to get a new task (it's battery level is 100.0)
[2025-11-10T21:01:20.129021468] Robot robot_1 is IDLE now and tries to get a new task (it's battery level is 100.0)
[2025-11-10T21:01:20.229390600] Robot robot_1 is IDLE now and tries to get a new task (it's battery level is 100.0)
[2025-11-10T21:01:20.329737941] Robot robot_1 is IDLE now and tries to get a new task (it's battery level is 100.0)
[2025-11-10T21:01:20.430155892] Robot robot_1 is IDLE now and tries to get a new task (it's battery level is 100.0)
[2025-11-10T21:01:20.530595982] Robot robot_1 is IDLE now and tries to get a new task (it's battery level is 100.0)
[2025-11-10T21:01:20.630970632] Robot robot_1 is IDLE now and tries to get a new task (it's battery level is 100.0)
[2025-11-10T21:01:20.731416798] Robot robot_1 is IDLE now and tries to get a new task (it's battery level is 100.0)
[2025-11-10T21:01:20.831872323] Robot robot_1 is IDLE now and tries to get a new task (it's battery level is 100.0)
[2025-11-10T21:01:20.932439803] Robot robot_1 is IDLE now and tries to get a new task (it's battery level is 100.0)
[2025-11-10T21:01:21.032903081] Robot robot_1 is IDLE now and tries to get a new task (it's battery level is 100.0)
[2025-11-10T21:01:21.133292327] Robot robot_1 is IDLE now and tries to get a new task (it's battery level is 100.0)
[2025-11-10T21:01:21.233754417] Robot robot_1 is IDLE now and tries to get a new task (it's battery level is 100.0)
[2025-11-10T21:01:21.334331535] Robot robot_1 is IDLE now and tries to get a new task (it's battery level is 100.0)
[2025-11-10T21:01:21.434662394] Robot robot_1 is IDLE now and tries to get a new task (it's battery level is 100.0)
[2025-11-10T21:01:21.535001006] Robot robot_1 is IDLE now and tries to get a new task (it's battery level is 100.0)
[2025-11-10T21:01:21.635394792] Robot robot_1 is IDLE now and tries to get a new task (it's battery level is 100.0)
[2025-11-10T21:01:21.735739479] Robot robot_1 is IDLE now and tries to get a new task (it's battery level is 100.0)
[2025-11-10T21:01:21.835969837] Robot robot_1 is IDLE now and tries to get a new task (it's battery level is 100.0)
[2025-11-10T21:01:21.936236024] Robot robot_1 is IDLE now and tries to get a new task (it's battery level is 100.0)
[2025-11-10T21:01:22.036639797] Robot robot_1 is IDLE now and tries to get a new task (it's battery level is 100.0)
[2025-11-10T21:01:22.137112503] Robot robot_1 is IDLE now and tries to get a new task (it's battery level is 100.0)
[2025-11-10T21:01:22.237403832] Robot robot_1 is IDLE now and tries to get a new task (it's battery level is 100.0)
[2025-11-10T21:01:22.337752361] Robot robot_1 is IDLE now and tries to get a new task (it's battery level is 100.0)
[2025-11-10T21:01:22.438130991] Robot robot_1 is IDLE now and tries to get a new task (it's battery level is 100.0)
[2025-11-10T21:01:22.538556764] Robot robot_1 is IDLE now and tries to get a new task (it's battery level is 100.0)
[2025-11-10T21:01:22.638950061] Robot robot_1 is IDLE now and tries to get a new task (it's battery level is 100.0)
[2025-11-10T21:01:22.739435059] Robot robot_1 is IDLE now and tries to get a new task (it's battery level is 100.0)
[2025-11-10T21:01:22.839687836] Robot robot_1 is IDLE now and tries to get a new task (it's battery level is 100.0)
[2025-11-10T21:01:22.939966663] Robot robot_1 is IDLE now and tries to get a new task (it's battery level is 100.0)
[2025-11-10T21:01:23.040212247] Robot robot_1 is IDLE now and tries to get a new task (it's battery level is 100.0)
[2025-11-10T21:01:23.140479900] Robot robot_1 is IDLE now and tries to get a new task (it's battery level is 100.0)
[2025-11-10T21:01:23.240850289] Robot robot_1 is IDLE now and tries to get a new task (it's battery level is 100.0)
[2025-11-10T21:01:23.341043002] Robot robot_1 is IDLE now and tries to get a new task (it's battery level is 100.0)
[2025-11-10T21:01:23.441357239] Robot robot_1 is IDLE now and tries to get a new task (it's battery level is 100.0)
[2025-11-10T21:01:23.541691451] Robot robot_1 is IDLE now and tries to get a new task (it's battery level is 100.0)
[2025-11-10T21:01:23.642024824] Robot robot_1 is IDLE now and tries to get a new task (it's battery level is 100.0)
[2025-11-10T21:01:23.742434534] Robot robot_1 is IDLE now and tries to get a new task (it's battery level is 100.0)
[2025-11-10T21:01:23.842868618] Robot robot_1 is IDLE now and tries to get a new task (it's battery level is 100.0)
[2025-11-10T21:01:23.943271134] Robot robot_1 is IDLE now and tries to get a new task (it's battery level is 100.0)
[2025-11-10T21:01:24.043784277] Robot robot_1 is IDLE now and tries to get a new task (it's battery level is 100.0)
[2025-11-10T21:01:24.144168565] Robot robot_1 is IDLE now and tries to get a new task (it's battery level is 100.0)
[2025-11-10T21:01:24.244635614] Robot robot_1 is IDLE now and tries to get a new task (it's battery level is 100.0)
[2025-11-10T21:01:24.344981698] Robot robot_1 is IDLE now and tries to get a new task (it's battery level is 100.0)
[2025-11-10T21:01:24.445411452] Robot robot_1 is IDLE now and tries to get a new task (it's battery level is 100.0)
[2025-11-10T21:01:24.545789384] Robot robot_1 is IDLE now and tries to get a new task (it's battery level is 100.0)
[2025-11-10T21:01:24.646352254] Robot robot_1 is IDLE now and tries to get a new task (it's battery level is 100.0)
[2025-11-10T21:01:24.747059416] Robot robot_1 is IDLE now and tries to get a new task (it's battery level is 100.0)
[2025-11-10T21:01:24.847407526] Robot robot_1 is IDLE now and tries to get a new task (it's battery level is 100.0)
[2025-11-10T21:01:24.947751795] Robot robot_1 is IDLE now and tries to get a new task (it's battery level is 100.0)
[2025-11-10T21:01:25.048133219] Robot robot_1 is IDLE now and tries to get a new task (it's battery level is 100.0)
[2025-11-10T21:01:25.148938926] Robot robot_1 is IDLE now and tries to get a new task (it's battery level is 100.0)
[2025-11-10T21:01:25.249407581] Robot robot_1 is IDLE now and tries to get a new task (it's battery level is 100.0)
[2025-11-10T21:01:25.349774618] Robot robot_1 is IDLE now and tries to get a new task (it's battery level is 100.0)
[2025-11-10T21:01:25.450205838] Robot robot_1 is IDLE now and tries to get a new task (it's battery level is 100.0)
[2025-11-10T21:01:25.550645510] Robot robot_1 is IDLE now and tries to get a new task (it's battery level is 100.0)
[2025-11-10T21:01:25.651027492] Robot robot_1 is IDLE now and tries to get a new task (it's battery level is 100.0)
[2025-11-10T21:01:25.751347456] Robot robot_1 is IDLE now and tries to get a new task (it's battery level is 100.0)
[2025-11-10T21:01:25.851708836] Robot robot_1 is IDLE now and tries to get a new task (it's battery level is 100.0)
[2025-11-10T21:01:25.952080342] Robot robot_1 is IDLE now and tries to get a new task (it's battery level is 100.0)
[2025-11-10T21:01:26.052382078] Robot robot_1 is IDLE now and tries to get a new task (it's battery level is 100.0)
[2025-11-10T21:01:26.152741572] Robot robot_1 is IDLE now and tries to get a new task (it's battery level is 100.0)
[2025-11-10T21:01:26.253070964] Robot robot_1 is IDLE now and tries to get a new task (it's battery level is 100.0)
[2025-11-10T21:01:26.353407899] Robot robot_1 is IDLE now and tries to get a new task (it's battery level is 100.0)
[2025-11-10T21:01:26.453930053] Robot robot_1 is IDLE now and tries to get a new task (it's battery level is 100.0)
[2025-11-10T21:01:26.554427482] Robot robot_1 is IDLE now and tries to get a new task (it's battery level is 100.0)
[2025-11-10T21:01:26.655051534] Robot robot_1 is IDLE now and tries to get a new task (it's battery level is 100.0)
[2025-11-10T21:01:26.755228533] Robot robot_1 is IDLE now and tries to get a new task (it's battery level is 100.0)
[2025-11-10T21:01:26.855458821] Robot robot_1 is IDLE now and tries to get a new task (it's battery level is 100.0)
[2025-11-10T21:01:26.955846880] Robot robot_1 is IDLE now and tries to get a new task (it's battery level is 100.0)
[2025-11-10T21:01:27.056317002] Robot robot_1 is IDLE now and tries to get a new task (it's battery level is 100.0)
[2025-11-10T21:01:27.156701778] Robot robot_1 is IDLE now and tries to get a new task (it's battery level is 100.0)
[2025-11-10T21:01:27.257085367] Robot robot_1 is IDLE now and tries to get a new task (it's battery level is 100.0)
[2025-11-10T21:01:27.357482575] Robot robot_1 is IDLE now and tries to get a new task (it's battery level is 100.0)
[2025-11-10T21:01:27.458053408] Robot robot_1 is IDLE now and tries to get a new task (it's battery level is 100.0)
[2025-11-10T21:01:27.558431549] Robot robot_1 is IDLE now and tries to get a new task (it's battery level is 100.0)
[2025-11-10T21:01:27.658799354] Robot robot_1 is IDLE now and tries to get a new task (it's battery level is 100.0)
[2025-11-10T21:01:27.759222892] Robot robot_1 is IDLE now and tries to get a new task (it's battery level is 100.0)
[2025-11-10T21:01:27.859640913] Robot robot_1 is IDLE now and tries to get a new task (it's battery level is 100.0)
[2025-11-10T21:01:27.960060470] Robot robot_1 is IDLE now and tries to get a new task (it's battery level is 100.0)
[2025-11-10T21:01:28.060433373] Robot robot_1 is IDLE now and tries to get a new task (it's battery level is 100.0)
[2025-11-10T21:01:28.160907406] Robot robot_1 is IDLE now and tries to get a new task (it's battery level is 100.0)
[2025-11-10T21:01:28.261397153] Robot robot_1 is IDLE now and tries to get a new task (it's battery level is 100.0)
[2025-11-10T21:01:28.361873072] Robot robot_1 is IDLE now and tries to get a new task (it's battery level is 100.0)
[2025-11-10T21:01:28.462230331] Robot robot_1 is IDLE now and tries to get a new task (it's battery level is 100.0)
[2025-11-10T21:01:28.564337244] Robot robot_1 is IDLE now and tries to get a new task (it's battery level is 100.0)
[2025-11-10T21:01:28.664808553] Robot robot_1 is IDLE now and tries to get a new task (it's battery level is 100.0)
[2025-11-10T21:01:28.765109870] Robot robot_1 is IDLE now and tries to get a new task (it's battery level is 100.0)
[2025-11-10T21:01:28.865386951] Robot robot_1 is IDLE now and tries to get a new task (it's battery level is 100.0)
[2025-11-10T21:01:28.965713131] Robot robot_1 is IDLE now and tries to get a new task (it's battery level is 100.0)
[2025-11-10T21:01:29.066049647] Robot robot_1 is IDLE now and tries to get a new task (it's battery level is 100.0)
[2025-11-10T21:01:29.166248926] Robot robot_1 is IDLE now and tries to get a new task (it's battery level is 100.0)
[2025-11-10T21:01:29.266547239] Robot robot_1 is IDLE now and tries to get a new task (it's battery level is 100.0)
[2025-11-10T21:01:29.366706150] Robot robot_1 is IDLE now and tries to get a new task (it's battery level is 100.0)
[2025-11-10T21:01:29.467098050] Robot robot_1 is IDLE now and tries to get a new task (it's battery level is 100.0)
[2025-11-10T21:01:29.567730971] Robot robot_1 is IDLE now and tries to get a new task (it's battery level is 100.0)
[2025-11-10T21:01:29.668033824] Robot robot_1 is IDLE now and tries to get a new task (it's battery level is 100.0)
[2025-11-10T21:01:29.768369432] Robot robot_1 is IDLE now and tries to get a new task (it's battery level is 100.0)
[2025-11-10T21:01:29.868766291] Robot robot_1 is IDLE now and tries to get a new task (it's battery level is 100.0)
[2025-11-10T21:01:29.969067957] Robot robot_1 is IDLE now and tries to get a new task (it's battery level is 100.0)
[2025-11-10T21:01:30.069469146] Robot robot_1 is IDLE now and tries to get a new task (it's battery level is 100.0)
[2025-11-10T21:01:30.169994093] Robot robot_1 is IDLE now and tries to get a new task (it's battery level is 100.0)
[2025-11-10T21:01:30.270317339] Robot robot_1 is IDLE now and tries to get a new task (it's battery level is 100.0)
[2025-11-10T21:01:30.370772375] Robot robot_1 is IDLE now and tries to get a new task (it's battery level is 100.0)
[2025-11-10T21:01:30.471136409] Robot robot_1 is IDLE now and tries to get a new task (it's battery level is 100.0)
[2025-11-10T21:01:30.571545001] Robot robot_1 is IDLE now and tries to get a new task (it's battery level is 100.0)
[2025-11-10T21:01:30.671895695] Robot robot_1 is IDLE now and tries to get a new task (it's battery level is 100.0)
[2025-11-10T21:01:30.772262033] Robot robot_1 is IDLE now and tries to get a new task (it's battery level is 100.0)
[2025-11-10T21:01:30.872637800] Robot robot_1 is IDLE now and tries to get a new task (it's battery level is 100.0)
[2025-11-10T21:01:30.973032005] Robot robot_1 is IDLE now and tries to get a new task (it's battery level is 100.0)
[2025-11-10T21:01:31.073345823] Robot robot_1 is IDLE now and tries to get a new task (it's battery level is 100.0)
[2025-11-10T21:01:31.173717329] Robot robot_1 is IDLE now and tries to get a new task (it's battery level is 100.0)
[2025-11-10T21:01:31.274273355] Robot robot_1 is IDLE now and tries to get a new task (it's battery level is 100.0)
[2025-11-10T21:01:31.374680690] Robot robot_1 is IDLE now and tries to get a new task (it's battery level is 100.0)
[2025-11-10T21:05:06.079307270] Robot robot_1 is in the charging queue
[2025-11-10T21:05:06.079817038] Robot robot_1 is waiting for charge (battery=19.0)
[2025-11-10T21:05:07.084374993] Robot robot_1 left the queue
[2025-11-10T21:05:07.084975135] Robot robot_1 is IDLE (battery=19.0)
[2025-11-10T21:05:07.185919195] Robot robot_1 is in the charging queue
[2025-11-10T21:05:07.186876363] Robot robot_1 is waiting for charge (battery=19.0)
[2025-11-10T21:05:08.190063553] Robot robot_1 is charging (battery=23.0)
[2025-11-10T21:05:10.294974789] Robot robot_1 is IDLE (battery=100.0)
[2025-11-10T21:06:07.809946651] Robot robot_1 is in the charging queue
[2025-11-10T21:06:07.810608183] Robot robot_1 is waiting for charge (battery=19.0)
[2025-11-10T21:06:08.812796509] Robot robot_1 left the queue
[2025-11-10T21:06:08.813248030] Robot robot_1 starts executing the new task with id: 2025-11-10T21:06:07.807642533
[2025-11-10T21:06:08.913837019] Robot robot_1 is in the charging queue
[2025-11-10T21:06:08.914414253] Robot robot_1 is waiting for charge (battery=19.0)
[2025-11-10T21:06:09.916578834] Robot robot_1 is charging (battery=23.0)
[2025-11-10T21:06:12.020922334] Robot robot_1 is IDLE (battery=100.0)
