[2025-11-10T13:47:53.075586327] Robot robot_0 is charging at ch_st_0
[2025-11-10T13:47:53.076279151] Robot robot_0 is charging (it's battery level is 23.0)
[2025-11-10T13:47:53.177153404] Robot robot_0 is charging (it's battery level is 27.0)
[2025-11-10T13:47:53.278108952] Robot robot_0 is charging (it's battery level is 31.0)
[2025-11-10T13:47:53.379202227] Robot robot_0 is charging (it's battery level is 35.0)
[2025-11-10T13:47:53.480043864] Robot robot_0 is charging (it's battery level is 39.0)
[2025-11-10T13:47:53.580948498] Robot robot_0 is charging (it's battery level is 43.0)
[2025-11-10T13:47:53.681721901] Robot robot_0 is charging (it's battery level is 47.0)
[2025-11-10T13:47:53.782598738] Robot robot_0 is charging (it's battery level is 51.0)
[2025-11-10T13:47:53.883331982] Robot robot_0 is charging (it's battery level is 55.0)
[2025-11-10T13:47:53.984171385] Robot robot_0 is charging (it's battery level is 59.0)
[2025-11-10T13:47:54.084979359] Robot robot_0 is charging (it's battery level is 63.0)
[2025-11-10T13:47:54.185844323] Robot robot_0 is charging (it's battery level is 67.0)
[2025-11-10T13:47:54.286679605] Robot robot_0 is charging (it's battery level is 71.0)
[2025-11-10T13:47:54.387410474] Robot robot_0 is charging (it's battery level is 75.0)
[2025-11-10T13:47:54.488237794] Robot robot_0 is charging (it's battery level is 79.0)
[2025-11-10T13:47:54.589107717] Robot robot_0 is charging (it's battery level is 83.0)
[2025-11-10T13:47:54.689893552] Robot robot_0 is charging (it's battery level is 87.0)
[2025-11-10T13:47:54.790678688] Robot robot_0 is charging (it's battery level is 91.0)
[2025-11-10T13:47:54.891334268] Robot robot_0 is charging (it's battery level is 95.0)
[2025-11-10T13:47:54.992205798] Robot robot_0 is charging (it's battery level is 99.0)
[2025-11-10T13:47:55.093008743] Robot robot_0 is charging (it's battery level is 100.0)
[2025-11-10T13:47:55.194104811] Robot robot_0 is IDLE now and tries to get a new task (it's battery level is 100.0)
[2025-11-10T13:47:55.294516507] Robot robot_0 is working on task with id: 2025-11-10T13:47:53.071486028 (it's battery level is 99.5)
[2025-11-10T13:47:55.395283834] Robot robot_0 is working on task with id: 2025-11-10T13:47:53.071486028 (it's battery level is 99.0)
[2025-11-10T13:47:55.496161439] Robot robot_0 is working on task with id: 2025-11-10T13:47:53.071486028 (it's battery level is 98.5)
[2025-11-10T13:47:55.596889096] Robot robot_0 is working on task with id: 2025-11-10T13:47:53.071486028 (it's battery level is 98.0)
[2025-11-10T13:47:55.697565419] Robot robot_0 is working on task with id: 2025-11-10T13:47:53.071486028 (it's battery level is 97.5)
[2025-11-10T13:47:55.798285044] Robot robot_0 is working on task with id: 2025-11-10T13:47:53.071486028 (it's battery level is 97.0)
[2025-11-10T13:47:55.899032536] Robot robot_0 is working on task with id: 2025-11-10T13:47:53.071486028 (it's battery level is 96.5)
[2025-11-10T13:47:55.999702295] Robot robot_0 is working on task with id: 2025-11-10T13:47:53.071486028 (it's battery level is 96.0)
[2025-11-10T13:47:56.100410256] Robot robot_0 is working on task with id: 2025-11-10T13:47:53.071486028 (it's battery level is 95.5)
[2025-11-10T13:47:56.201618419] Robot robot_0 is working on task with id: 2025-11-10T13:47:53.071486028 (it's battery level is 95.0)
[2025-11-10T13:47:56.302600298] Robot robot_0 is working on task with id: 2025-11-10T13:47:53.071486028 (it's battery level is 94.5)
[2025-11-10T13:47:56.403195606] Robot robot_0 is working on task with id: 2025-11-10T13:47:53.071486028 (it's battery level is 94.0)
[2025-11-10T13:47:56.503757320] Robot robot_0 is working on task with id: 2025-11-10T13:47:53.071486028 (it's battery level is 93.5)
[2025-11-10T13:47:56.604322177] Robot robot_0 is working on task with id: 2025-11-10T13:47:53.071486028 (it's battery level is 93.0)
[2025-11-10T13:47:56.704978945] Robot robot_0 is working on task with id: 2025-11-10T13:47:53.071486028 (it's battery level is 92.5)
[2025-11-10T13:47:56.805595834] Robot robot_0 is working on task with id: 2025-11-10T13:47:53.071486028 (it's battery level is 92.0)
[2025-11-10T13:47:56.906220405] Robot robot_0 is working on task with id: 2025-11-10T13:47:53.071486028 (it's battery level is 91.5)
[2025-11-10T13:47:57.006941078] Robot robot_0 is working on task with id: 2025-11-10T13:47:53.071486028 (it's battery level is 91.0)
[2025-11-10T13:47:57.107944328] Robot robot_0 is charging at ch_st_0
[2025-11-10T13:47:57.108206790] Robot robot_0 is charging (it's battery level is 9.0)
[2025-11-10T13:47:57.208970066] Robot robot_0 is charging (it's battery level is 13.0)
[2025-11-10T13:47:57.309594568] Robot robot_0 is charging (it's battery level is 17.0)
[2025-11-10T13:47:57.410138472] Robot robot_0 is charging (it's battery level is 21.0)
[2025-11-10T13:47:57.510893647] Robot robot_0 is charging (it's battery level is 25.0)
[2025-11-10T13:47:57.611615018] Robot robot_0 is charging (it's battery level is 29.0)
[2025-11-10T13:47:57.712340928] Robot robot_0 is charging (it's battery level is 33.0)
[2025-11-10T13:47:57.813039811] Robot robot_0 is charging (it's battery level is 37.0)
[2025-11-10T13:47:57.913656630] Robot robot_0 is charging (it's battery level is 41.0)
[2025-11-10T13:47:58.014310394] Robot robot_0 is charging (it's battery level is 45.0)
[2025-11-10T13:47:58.114912966] Robot robot_0 is charging (it's battery level is 49.0)
[2025-11-10T13:47:58.215492699] Robot robot_0 is charging (it's battery level is 53.0)
[2025-11-10T13:47:58.316141994] Robot robot_0 is charging (it's battery level is 57.0)
[2025-11-10T13:47:58.416798832] Robot robot_0 is charging (it's battery level is 61.0)
[2025-11-10T13:47:58.517486330] Robot robot_0 is charging (it's battery level is 65.0)
[2025-11-10T13:47:58.618068857] Robot robot_0 is charging (it's battery level is 69.0)
[2025-11-10T13:47:58.718773746] Robot robot_0 is charging (it's battery level is 73.0)
[2025-11-10T13:47:58.819522983] Robot robot_0 is charging (it's battery level is 77.0)
[2025-11-10T13:47:58.920199447] Robot robot_0 is charging (it's battery level is 81.0)
[2025-11-10T13:47:59.020840920] Robot robot_0 is charging (it's battery level is 85.0)
[2025-11-10T13:47:59.121423028] Robot robot_0 is charging (it's battery level is 89.0)
[2025-11-10T13:47:59.221902539] Robot robot_0 is charging (it's battery level is 93.0)
[2025-11-10T13:47:59.322625027] Robot robot_0 is charging (it's battery level is 97.0)
[2025-11-10T13:47:59.423216215] Robot robot_0 is charging (it's battery level is 100.0)
[2025-11-10T13:47:59.524272125] Robot robot_0 is IDLE now and tries to get a new task (it's battery level is 100.0)
[2025-11-10T13:47:59.624767350] Robot robot_0 is working on task with id: 2025-11-10T13:47:54.844029514 (it's battery level is 99.5)
[2025-11-10T13:47:59.725353160] Robot robot_0 is working on task with id: 2025-11-10T13:47:54.844029514 (it's battery level is 99.0)
[2025-11-10T13:47:59.825941414] Robot robot_0 is working on task with id: 2025-11-10T13:47:54.844029514 (it's battery level is 98.5)
[2025-11-10T13:47:59.926513953] Robot robot_0 is working on task with id: 2025-11-10T13:47:54.844029514 (it's battery level is 98.0)
[2025-11-10T13:48:00.027024335] Robot robot_0 is working on task with id: 2025-11-10T13:47:54.844029514 (it's battery level is 97.5)
[2025-11-10T13:48:00.127566214] Robot robot_0 is working on task with id: 2025-11-10T13:47:54.844029514 (it's battery level is 97.0)
[2025-11-10T13:48:00.228236252] Robot robot_0 is working on task with id: 2025-11-10T13:47:54.844029514 (it's battery level is 96.5)
[2025-11-10T13:48:00.328853141] Robot robot_0 is working on task with id: 2025-11-10T13:47:54.844029514 (it's battery level is 96.0)
[2025-11-10T13:48:00.429576118] Robot robot_0 is working on task with id: 2025-11-10T13:47:54.844029514 (it's battery level is 95.5)
[2025-11-10T13:48:00.530055350] Robot robot_0 is working on task with id: 2025-11-10T13:47:54.844029514 (it's battery level is 95.0)
[2025-11-10T13:48:00.630583052] Robot robot_0 is working on task with id: 2025-11-10T13:47:54.844029514 (it's battery level is 94.5)
[2025-11-10T13:48:00.731147490] Robot robot_0 is working on task with id: 2025-11-10T13:47:54.844029514 (it's battery level is 94.0)
[2025-11-10T13:48:00.831756976] Robot robot_0 is working on task with id: 2025-11-10T13:47:54.844029514 (it's battery level is 93.5)
[2025-11-10T13:48:00.932353960] Robot robot_0 is working on task with id: 2025-11-10T13:47:54.844029514 (it's battery level is 93.0)
[2025-11-10T13:48:01.032964144] Robot robot_0 is working on task with id: 2025-11-10T13:47:54.844029514 (it's battery level is 92.5)
[2025-11-10T13:48:14.242340458] Robot robot_0 is charging at ch_st_0
[2025-11-10T13:48:14.243000037] Robot robot_0 is charging (it's battery level is 23.0)
[2025-11-10T13:48:14.344018233] Robot robot_0 is charging (it's battery level is 27.0)
[2025-11-10T13:48:14.445007026] Robot robot_0 is charging (it's battery level is 31.0)
[2025-11-10T13:48:14.546020053] Robot robot_0 is charging (it's battery level is 35.0)
[2025-11-10T13:48:14.646985588] Robot robot_0 is charging (it's battery level is 39.0)
[2025-11-10T13:48:14.748081028] Robot robot_0 is charging (it's battery level is 43.0)
[2025-11-10T13:48:14.849034481] Robot robot_0 is charging (it's battery level is 47.0)
[2025-11-10T13:48:14.949827509] Robot robot_0 is charging (it's battery level is 51.0)
[2025-11-10T13:48:15.050563617] Robot robot_0 is charging (it's battery level is 55.0)
[2025-11-10T13:48:15.151661780] Robot robot_0 is charging (it's battery level is 59.0)
[2025-11-10T13:48:15.252709169] Robot robot_0 is charging (it's battery level is 63.0)
[2025-11-10T13:48:15.353812152] Robot robot_0 is charging (it's battery level is 67.0)
[2025-11-10T13:48:15.454923236] Robot robot_0 is charging (it's battery level is 71.0)
[2025-11-10T13:48:15.555959940] Robot robot_0 is charging (it's battery level is 75.0)
[2025-11-10T13:48:15.656923729] Robot robot_0 is charging (it's battery level is 79.0)
[2025-11-10T13:48:15.758161365] Robot robot_0 is charging (it's battery level is 83.0)
[2025-11-10T13:48:15.859091072] Robot robot_0 is charging (it's battery level is 87.0)
[2025-11-10T13:48:15.960090620] Robot robot_0 is charging (it's battery level is 91.0)
[2025-11-10T13:48:16.061019769] Robot robot_0 is charging (it's battery level is 95.0)
[2025-11-10T13:48:16.162229818] Robot robot_0 is charging (it's battery level is 99.0)
[2025-11-10T13:48:16.263230623] Robot robot_0 is charging (it's battery level is 100.0)
[2025-11-10T13:48:16.365462936] Robot robot_0 is IDLE now and tries to get a new task (it's battery level is 100.0)
[2025-11-10T13:48:16.465954599] Robot robot_0 is IDLE now and tries to get a new task (it's battery level is 100.0)
[2025-11-10T13:48:16.567004852] Robot robot_0 is IDLE now and tries to get a new task (it's battery level is 100.0)
[2025-11-10T13:48:16.668072984] Robot robot_0 is IDLE now and tries to get a new task (it's battery level is 100.0)
[2025-11-10T13:48:16.769069948] Robot robot_0 is IDLE now and tries to get a new task (it's battery level is 100.0)
[2025-11-10T13:48:16.870352562] Robot robot_0 is IDLE now and tries to get a new task (it's battery level is 100.0)
[2025-11-10T13:48:16.971146079] Robot robot_0 is IDLE now and tries to get a new task (it's battery level is 100.0)
[2025-11-10T13:48:17.071819748] Robot robot_0 is IDLE now and tries to get a new task (it's battery level is 100.0)
[2025-11-10T13:48:17.173022674] Robot robot_0 is IDLE now and tries to get a new task (it's battery level is 100.0)
[2025-11-10T13:48:17.273987580] Robot robot_0 is IDLE now and tries to get a new task (it's battery level is 100.0)
[2025-11-10T13:48:17.375494594] Robot robot_0 is IDLE now and tries to get a new task (it's battery level is 100.0)
[2025-11-10T13:48:17.476590802] Robot robot_0 is IDLE now and tries to get a new task (it's battery level is 100.0)
[2025-11-10T13:48:17.577618845] Robot robot_0 is IDLE now and tries to get a new task (it's battery level is 100.0)
[2025-11-10T13:48:17.678642977] Robot robot_0 is IDLE now and tries to get a new task (it's battery level is 100.0)
[2025-11-10T13:48:17.779697700] Robot robot_0 is IDLE now and tries to get a new task (it's battery level is 100.0)
[2025-11-10T13:48:17.880730841] Robot robot_0 is IDLE now and tries to get a new task (it's battery level is 100.0)
[2025-11-10T13:48:17.981958909] Robot robot_0 is IDLE now and tries to get a new task (it's battery level is 100.0)
[2025-11-10T13:48:18.083103168] Robot robot_0 is IDLE now and tries to get a new task (it's battery level is 100.0)
[2025-11-10T13:48:18.184208874] Robot robot_0 is IDLE now and tries to get a new task (it's battery level is 100.0)
[2025-11-10T13:48:18.285221133] Robot robot_0 is IDLE now and tries to get a new task (it's battery level is 100.0)
[2025-11-10T13:48:18.386616331] Robot robot_0 is IDLE now and tries to get a new task (it's battery level is 100.0)
[2025-11-10T13:48:18.487589200] Robot robot_0 is IDLE now and tries to get a new task (it's battery level is 100.0)
[2025-11-10T13:48:18.588684360] Robot robot_0 is IDLE now and tries to get a new task (it's battery level is 100.0)
[2025-11-10T13:48:18.689564550] Robot robot_0 is IDLE now and tries to get a new task (it's battery level is 100.0)
[2025-11-10T13:48:18.790290600] Robot robot_0 is IDLE now and tries to get a new task (it's battery level is 100.0)
[2025-11-10T13:48:18.891076924] Robot robot_0 is IDLE now and tries to get a new task (it's battery level is 100.0)
[2025-11-10T13:48:18.991852003] Robot robot_0 is IDLE now and tries to get a new task (it's battery level is 100.0)
[2025-11-10T13:48:19.092632459] Robot robot_0 is IDLE now and tries to get a new task (it's battery level is 100.0)
[2025-11-10T13:48:19.193374154] Robot robot_0 is IDLE now and tries to get a new task (it's battery level is 100.0)
[2025-11-10T13:48:19.294405759] Robot robot_0 is IDLE now and tries to get a new task (it's battery level is 100.0)
[2025-11-10T13:48:19.395380234] Robot robot_0 is IDLE now and tries to get a new task (it's battery level is 100.0)
[2025-11-10T13:48:19.496212303] Robot robot_0 is IDLE now and tries to get a new task (it's battery level is 100.0)
[2025-11-10T13:48:19.597281762] Robot robot_0 is IDLE now and tries to get a new task (it's battery level is 100.0)
[2025-11-10T13:48:19.698128428] Robot robot_0 is IDLE now and tries to get a new task (it's battery level is 100.0)
[2025-11-10T13:48:19.798827799] Robot robot_0 is IDLE now and tries to get a new task (it's battery level is 100.0)
[2025-11-10T13:48:19.899511386] Robot robot_0 is IDLE now and tries to get a new task (it's battery level is 100.0)
[2025-11-10T13:48:20.000212154] Robot robot_0 is IDLE now and tries to get a new task (it's battery level is 100.0)
[2025-11-10T13:48:20.100890643] Robot robot_0 is IDLE now and tries to get a new task (it's battery level is 100.0)
[2025-11-10T13:48:20.201704204] Robot robot_0 is IDLE now and tries to get a new task (it's battery level is 100.0)
[2025-11-10T13:48:20.302800761] Robot robot_0 is IDLE now and tries to get a new task (it's battery level is 100.0)
[2025-11-10T13:48:20.403614043] Robot robot_0 is IDLE now and tries to get a new task (it's battery level is 100.0)
[2025-11-10T13:48:20.504592429] Robot robot_0 is IDLE now and tries to get a new task (it's battery level is 100.0)
[2025-11-10T13:48:20.605606714] Robot robot_0 is IDLE now and tries to get a new task (it's battery level is 100.0)
[2025-11-10T13:48:20.706649354] Robot robot_0 is IDLE now and tries to get a new task (it's battery level is 100.0)
[2025-11-10T13:48:20.807485334] Robot robot_0 is IDLE now and tries to get a new task (it's battery level is 100.0)
[2025-11-10T13:48:20.908165709] Robot robot_0 is IDLE now and tries to get a new task (it's battery level is 100.0)
[2025-11-10T13:48:21.008937435] Robot robot_0 is IDLE now and tries to get a new task (it's battery level is 100.0)
[2025-11-10T13:48:21.109621511] Robot robot_0 is IDLE now and tries to get a new task (it's battery level is 100.0)
[2025-11-10T13:48:21.210296996] Robot robot_0 is IDLE now and tries to get a new task (it's battery level is 100.0)
[2025-11-10T13:48:21.311030729] Robot robot_0 is IDLE now and tries to get a new task (it's battery level is 100.0)
[2025-11-10T13:48:21.412114017] Robot robot_0 is IDLE now and tries to get a new task (it's battery level is 100.0)
[2025-11-10T13:48:21.513259044] Robot robot_0 is IDLE now and tries to get a new task (it's battery level is 100.0)
[2025-11-10T13:48:21.613818523] Robot robot_0 is IDLE now and tries to get a new task (it's battery level is 100.0)
[2025-11-10T13:48:21.714371088] Robot robot_0 is IDLE now and tries to get a new task (it's battery level is 100.0)
[2025-11-10T13:48:21.815123469] Robot robot_0 is IDLE now and tries to get a new task (it's battery level is 100.0)
[2025-11-10T13:48:21.915865164] Robot robot_0 is IDLE now and tries to get a new task (it's battery level is 100.0)
[2025-11-10T13:48:22.016860451] Robot robot_0 is IDLE now and tries to get a new task (it's battery level is 100.0)
[2025-11-10T13:48:22.117554794] Robot robot_0 is IDLE now and tries to get a new task (it's battery level is 100.0)
[2025-11-10T13:48:22.218712217] Robot robot_0 is IDLE now and tries to get a new task (it's battery level is 100.0)
[2025-11-10T13:48:26.106564763] Robot robot_0 is charging at ch_st_1
[2025-11-10T13:48:26.106964888] Robot robot_0 is charging (it's battery level is 23.0)
[2025-11-10T13:48:26.207527743] Robot robot_0 is charging (it's battery level is 27.0)
[2025-11-10T13:48:26.308106453] Robot robot_0 is charging (it's battery level is 31.0)
[2025-11-10T13:48:26.408927375] Robot robot_0 is charging (it's battery level is 35.0)
[2025-11-10T13:48:26.509706322] Robot robot_0 is charging (it's battery level is 39.0)
[2025-11-10T13:48:26.610327845] Robot robot_0 is charging (it's battery level is 43.0)
[2025-11-10T13:48:26.710990086] Robot robot_0 is charging (it's battery level is 47.0)
[2025-11-10T13:48:26.811605672] Robot robot_0 is charging (it's battery level is 51.0)
[2025-11-10T13:48:26.912244586] Robot robot_0 is charging (it's battery level is 55.0)
[2025-11-10T13:48:27.012878052] Robot robot_0 is charging (it's battery level is 59.0)
[2025-11-10T13:48:27.113605735] Robot robot_0 is charging (it's battery level is 63.0)
[2025-11-10T13:48:27.214327201] Robot robot_0 is charging (it's battery level is 67.0)
[2025-11-10T13:48:27.315087361] Robot robot_0 is charging (it's battery level is 71.0)
[2025-11-10T13:48:27.415791018] Robot robot_0 is charging (it's battery level is 75.0)
[2025-11-10T13:48:27.516608308] Robot robot_0 is charging (it's battery level is 79.0)
[2025-11-10T13:48:27.617226688] Robot robot_0 is charging (it's battery level is 83.0)
[2025-11-10T13:48:27.717973927] Robot robot_0 is charging (it's battery level is 87.0)
[2025-11-10T13:48:27.818889554] Robot robot_0 is charging (it's battery level is 91.0)
[2025-11-10T13:48:27.919509331] Robot robot_0 is charging (it's battery level is 95.0)
[2025-11-10T13:48:28.020085108] Robot robot_0 is charging (it's battery level is 99.0)
[2025-11-10T13:48:28.120626592] Robot robot_0 is charging (it's battery level is 100.0)
[2025-11-10T13:48:28.221770463] Robot robot_0 is IDLE now and tries to get a new task (it's battery level is 100.0)
[2025-11-10T13:48:28.322223946] Robot robot_0 is working on task with id: 2025-11-10T13:48:24.591319456 (it's battery level is 99.5)
[2025-11-10T13:48:28.422829824] Robot robot_0 is working on task with id: 2025-11-10T13:48:24.591319456 (it's battery level is 99.0)
[2025-11-10T13:48:28.523357899] Robot robot_0 is working on task with id: 2025-11-10T13:48:24.591319456 (it's battery level is 98.5)
[2025-11-10T13:48:28.623884506] Robot robot_0 is working on task with id: 2025-11-10T13:48:24.591319456 (it's battery level is 98.0)
[2025-11-10T13:48:28.724374447] Robot robot_0 is working on task with id: 2025-11-10T13:48:24.591319456 (it's battery level is 97.5)
[2025-11-10T13:48:28.824880032] Robot robot_0 is working on task with id: 2025-11-10T13:48:24.591319456 (it's battery level is 97.0)
[2025-11-10T13:48:28.925399167] Robot robot_0 is working on task with id: 2025-11-10T13:48:24.591319456 (it's battery level is 96.5)
[2025-11-10T13:48:29.026024950] Robot robot_0 is working on task with id: 2025-11-10T13:48:24.591319456 (it's battery level is 96.0)
[2025-11-10T13:48:29.126595977] Robot robot_0 is working on task with id: 2025-11-10T13:48:24.591319456 (it's battery level is 95.5)
[2025-11-10T13:48:29.227101562] Robot robot_0 is working on task with id: 2025-11-10T13:48:24.591319456 (it's battery level is 95.0)
[2025-11-10T13:48:29.327508461] Robot robot_0 is working on task with id: 2025-11-10T13:48:24.591319456 (it's battery level is 94.5)
[2025-11-10T13:48:29.427901181] Robot robot_0 is working on task with id: 2025-11-10T13:48:24.591319456 (it's battery level is 94.0)
[2025-11-10T13:48:29.528324772] Robot robot_0 is working on task with id: 2025-11-10T13:48:24.591319456 (it's battery level is 93.5)
[2025-11-10T13:48:29.628780979] Robot robot_0 is working on task with id: 2025-11-10T13:48:24.591319456 (it's battery level is 93.0)
[2025-11-10T13:48:29.729336362] Robot robot_0 is working on task with id: 2025-11-10T13:48:24.591319456 (it's battery level is 92.5)
[2025-11-10T13:48:29.830047282] Robot robot_0 is working on task with id: 2025-11-10T13:48:24.591319456 (it's battery level is 92.0)
[2025-11-10T13:48:29.930483375] Robot robot_0 is working on task with id: 2025-11-10T13:48:24.591319456 (it's battery level is 91.5)
[2025-11-10T13:48:30.031026814] Robot robot_0 is working on task with id: 2025-11-10T13:48:24.591319456 (it's battery level is 91.0)
[2025-11-10T13:48:30.131586946] Robot robot_0 is working on task with id: 2025-11-10T13:48:24.591319456 (it's battery level is 90.5)
[2025-11-10T13:48:30.232580308] Robot robot_0 is working on task with id: 2025-11-10T13:48:24.591319456 (it's battery level is 90.0)
[2025-11-10T13:48:30.334201130] Robot robot_0 is IDLE now and tries to get a new task (it's battery level is 90.0)
[2025-11-10T13:48:30.434757491] Robot robot_0 is working on task with id: 2025-11-10T13:48:24.641705437 (it's battery level is 89.5)
[2025-11-10T13:48:30.535525682] Robot robot_0 is working on task with id: 2025-11-10T13:48:24.641705437 (it's battery level is 89.0)
[2025-11-10T13:48:30.636488034] Robot robot_0 is working on task with id: 2025-11-10T13:48:24.641705437 (it's battery level is 88.5)
[2025-11-10T13:48:30.737256714] Robot robot_0 is working on task with id: 2025-11-10T13:48:24.641705437 (it's battery level is 88.0)
[2025-11-10T13:48:30.837935926] Robot robot_0 is working on task with id: 2025-11-10T13:48:24.641705437 (it's battery level is 87.5)
[2025-11-10T13:48:30.938612834] Robot robot_0 is working on task with id: 2025-11-10T13:48:24.641705437 (it's battery level is 87.0)
[2025-11-10T13:48:31.039306434] Robot robot_0 is working on task with id: 2025-11-10T13:48:24.641705437 (it's battery level is 86.5)
[2025-11-10T13:48:31.140032930] Robot robot_0 is working on task with id: 2025-11-10T13:48:24.641705437 (it's battery level is 86.0)
[2025-11-10T13:48:31.240575880] Robot robot_0 is working on task with id: 2025-11-10T13:48:24.641705437 (it's battery level is 85.5)
[2025-11-10T13:48:31.341114152] Robot robot_0 is working on task with id: 2025-11-10T13:48:24.641705437 (it's battery level is 85.0)
[2025-11-10T13:48:31.441681896] Robot robot_0 is working on task with id: 2025-11-10T13:48:24.641705437 (it's battery level is 84.5)
[2025-11-10T13:48:31.542218282] Robot robot_0 is working on task with id: 2025-11-10T13:48:24.641705437 (it's battery level is 84.0)
[2025-11-10T13:48:31.642769544] Robot robot_0 is working on task with id: 2025-11-10T13:48:24.641705437 (it's battery level is 83.5)
[2025-11-10T13:48:31.743247192] Robot robot_0 is working on task with id: 2025-11-10T13:48:24.641705437 (it's battery level is 83.0)
[2025-11-10T13:48:31.843708358] Robot robot_0 is working on task with id: 2025-11-10T13:48:24.641705437 (it's battery level is 82.5)
[2025-11-10T13:48:31.944273169] Robot robot_0 is working on task with id: 2025-11-10T13:48:24.641705437 (it's battery level is 82.0)
[2025-11-10T13:48:32.044832393] Robot robot_0 is working on task with id: 2025-11-10T13:48:24.641705437 (it's battery level is 81.5)
[2025-11-10T13:48:32.145378417] Robot robot_0 is working on task with id: 2025-11-10T13:48:24.641705437 (it's battery level is 81.0)
[2025-11-10T13:48:32.245977101] Robot robot_0 is working on task with id: 2025-11-10T13:48:24.641705437 (it's battery level is 80.5)
[2025-11-10T13:48:32.346575856] Robot robot_0 is working on task with id: 2025-11-10T13:48:24.641705437 (it's battery level is 80.0)
[2025-11-10T13:48:32.447762959] Robot robot_0 is IDLE now and tries to get a new task (it's battery level is 80.0)
[2025-11-10T13:48:32.548218607] Robot robot_0 is working on task with id: 2025-11-10T13:48:24.641891147 (it's battery level is 79.5)
[2025-11-10T13:48:32.648756948] Robot robot_0 is working on task with id: 2025-11-10T13:48:24.641891147 (it's battery level is 79.0)
[2025-11-10T13:48:32.749274267] Robot robot_0 is working on task with id: 2025-11-10T13:48:24.641891147 (it's battery level is 78.5)
[2025-11-10T13:48:32.849873441] Robot robot_0 is working on task with id: 2025-11-10T13:48:24.641891147 (it's battery level is 78.0)
[2025-11-10T13:48:32.950651829] Robot robot_0 is working on task with id: 2025-11-10T13:48:24.641891147 (it's battery level is 77.5)
[2025-11-10T13:48:33.051389289] Robot robot_0 is working on task with id: 2025-11-10T13:48:24.641891147 (it's battery level is 77.0)
[2025-11-10T13:48:33.152199805] Robot robot_0 is working on task with id: 2025-11-10T13:48:24.641891147 (it's battery level is 76.5)
[2025-11-10T13:48:33.252751067] Robot robot_0 is working on task with id: 2025-11-10T13:48:24.641891147 (it's battery level is 76.0)
[2025-11-10T13:48:33.353320837] Robot robot_0 is working on task with id: 2025-11-10T13:48:24.641891147 (it's battery level is 75.5)
[2025-11-10T13:48:33.453964709] Robot robot_0 is working on task with id: 2025-11-10T13:48:24.641891147 (it's battery level is 75.0)
[2025-11-10T13:48:33.554562067] Robot robot_0 is working on task with id: 2025-11-10T13:48:24.641891147 (it's battery level is 74.5)
[2025-11-10T13:48:33.655130300] Robot robot_0 is working on task with id: 2025-11-10T13:48:24.641891147 (it's battery level is 74.0)
[2025-11-10T13:48:33.755741626] Robot robot_0 is working on task with id: 2025-11-10T13:48:24.641891147 (it's battery level is 73.5)
[2025-11-10T13:48:33.856273751] Robot robot_0 is working on task with id: 2025-11-10T13:48:24.641891147 (it's battery level is 73.0)
[2025-11-10T13:48:33.957328714] Robot robot_0 is working on task with id: 2025-11-10T13:48:24.641891147 (it's battery level is 72.5)
[2025-11-10T13:48:34.066427171] Robot robot_0 is working on task with id: 2025-11-10T13:48:24.641891147 (it's battery level is 72.0)
[2025-11-10T13:48:34.167114346] Robot robot_0 is working on task with id: 2025-11-10T13:48:24.641891147 (it's battery level is 71.5)
[2025-11-10T13:48:34.267563149] Robot robot_0 is working on task with id: 2025-11-10T13:48:24.641891147 (it's battery level is 71.0)
[2025-11-10T13:48:34.368505736] Robot robot_0 is working on task with id: 2025-11-10T13:48:24.641891147 (it's battery level is 70.5)
[2025-11-10T13:48:34.469352080] Robot robot_0 is working on task with id: 2025-11-10T13:48:24.641891147 (it's battery level is 70.0)
[2025-11-10T13:48:34.570805841] Robot robot_0 is IDLE now and tries to get a new task (it's battery level is 70.0)
[2025-11-10T13:48:34.671313731] Robot robot_0 is working on task with id: 2025-11-10T13:48:24.692299967 (it's battery level is 69.5)
[2025-11-10T13:48:34.771886364] Robot robot_0 is working on task with id: 2025-11-10T13:48:24.692299967 (it's battery level is 69.0)
[2025-11-10T13:48:34.872413181] Robot robot_0 is working on task with id: 2025-11-10T13:48:24.692299967 (it's battery level is 68.5)
[2025-11-10T13:48:34.972858912] Robot robot_0 is working on task with id: 2025-11-10T13:48:24.692299967 (it's battery level is 68.0)
[2025-11-10T13:48:35.073208610] Robot robot_0 is working on task with id: 2025-11-10T13:48:24.692299967 (it's battery level is 67.5)
[2025-11-10T13:48:35.173679693] Robot robot_0 is working on task with id: 2025-11-10T13:48:24.692299967 (it's battery level is 67.0)
[2025-11-10T13:48:35.274182904] Robot robot_0 is working on task with id: 2025-11-10T13:48:24.692299967 (it's battery level is 66.5)
[2025-11-10T13:48:35.375002638] Robot robot_0 is working on task with id: 2025-11-10T13:48:24.692299967 (it's battery level is 66.0)
[2025-11-10T13:48:35.475464013] Robot robot_0 is working on task with id: 2025-11-10T13:48:24.692299967 (it's battery level is 65.5)
[2025-11-10T13:48:35.575938589] Robot robot_0 is working on task with id: 2025-11-10T13:48:24.692299967 (it's battery level is 65.0)
[2025-11-10T13:48:35.676412885] Robot robot_0 is working on task with id: 2025-11-10T13:48:24.692299967 (it's battery level is 64.5)
[2025-11-10T13:48:35.776901638] Robot robot_0 is working on task with id: 2025-11-10T13:48:24.692299967 (it's battery level is 64.0)
[2025-11-10T13:48:35.877399192] Robot robot_0 is working on task with id: 2025-11-10T13:48:24.692299967 (it's battery level is 63.5)
[2025-11-10T13:48:35.977945425] Robot robot_0 is working on task with id: 2025-11-10T13:48:24.692299967 (it's battery level is 63.0)
[2025-11-10T13:48:36.078472102] Robot robot_0 is working on task with id: 2025-11-10T13:48:24.692299967 (it's battery level is 62.5)
[2025-11-10T13:48:36.178971332] Robot robot_0 is working on task with id: 2025-11-10T13:48:24.692299967 (it's battery level is 62.0)
[2025-11-10T13:48:36.279644119] Robot robot_0 is working on task with id: 2025-11-10T13:48:24.692299967 (it's battery level is 61.5)
[2025-11-10T13:48:36.380503803] Robot robot_0 is working on task with id: 2025-11-10T13:48:24.692299967 (it's battery level is 61.0)
[2025-11-10T13:48:36.481385557] Robot robot_0 is working on task with id: 2025-11-10T13:48:24.692299967 (it's battery level is 60.5)
[2025-11-10T13:48:36.581991436] Robot robot_0 is working on task with id: 2025-11-10T13:48:24.692299967 (it's battery level is 60.0)
[2025-11-10T13:48:36.683108558] Robot robot_0 is IDLE now and tries to get a new task (it's battery level is 60.0)
[2025-11-10T13:48:36.783502535] Robot robot_0 is working on task with id: 2025-11-10T13:48:24.843307681 (it's battery level is 59.5)
[2025-11-10T13:48:36.883974946] Robot robot_0 is working on task with id: 2025-11-10T13:48:24.843307681 (it's battery level is 59.0)
[2025-11-10T13:48:36.984702698] Robot robot_0 is working on task with id: 2025-11-10T13:48:24.843307681 (it's battery level is 58.5)
[2025-11-10T13:48:37.085338190] Robot robot_0 is working on task with id: 2025-11-10T13:48:24.843307681 (it's battery level is 58.0)
[2025-11-10T13:48:37.186119441] Robot robot_0 is working on task with id: 2025-11-10T13:48:24.843307681 (it's battery level is 57.5)
[2025-11-10T13:48:37.286723294] Robot robot_0 is working on task with id: 2025-11-10T13:48:24.843307681 (it's battery level is 57.0)
[2025-11-10T13:48:37.387359344] Robot robot_0 is working on task with id: 2025-11-10T13:48:24.843307681 (it's battery level is 56.5)
[2025-11-10T13:48:37.487819532] Robot robot_0 is working on task with id: 2025-11-10T13:48:24.843307681 (it's battery level is 56.0)
[2025-11-10T13:48:37.588235300] Robot robot_0 is working on task with id: 2025-11-10T13:48:24.843307681 (it's battery level is 55.5)
[2025-11-10T13:48:37.688686479] Robot robot_0 is working on task with id: 2025-11-10T13:48:24.843307681 (it's battery level is 55.0)
[2025-11-10T13:48:37.789067536] Robot robot_0 is working on task with id: 2025-11-10T13:48:24.843307681 (it's battery level is 54.5)
[2025-11-10T13:48:37.889583807] Robot robot_0 is working on task with id: 2025-11-10T13:48:24.843307681 (it's battery level is 54.0)
[2025-11-10T13:48:37.990038966] Robot robot_0 is working on task with id: 2025-11-10T13:48:24.843307681 (it's battery level is 53.5)
[2025-11-10T13:48:38.090473592] Robot robot_0 is working on task with id: 2025-11-10T13:48:24.843307681 (it's battery level is 53.0)
[2025-11-10T13:48:45.488965622] Robot robot_0 is charging at ch_st_0
[2025-11-10T13:48:45.494278504] Robot robot_0 is charging (it's battery level is 23.0)
[2025-11-10T13:48:45.594858471] Robot robot_0 is charging (it's battery level is 27.0)
[2025-11-10T13:48:45.695317541] Robot robot_0 is charging (it's battery level is 31.0)
[2025-11-10T13:48:45.795868105] Robot robot_0 is charging (it's battery level is 35.0)
[2025-11-10T13:48:45.896372991] Robot robot_0 is charging (it's battery level is 39.0)
[2025-11-10T13:48:45.997120090] Robot robot_0 is charging (it's battery level is 43.0)
[2025-11-10T13:48:46.097563097] Robot robot_0 is charging (it's battery level is 47.0)
[2025-11-10T13:48:46.197994021] Robot robot_0 is charging (it's battery level is 51.0)
[2025-11-10T13:48:46.298353218] Robot robot_0 is charging (it's battery level is 55.0)
[2025-11-10T13:48:46.398810332] Robot robot_0 is charging (it's battery level is 59.0)
[2025-11-10T13:48:46.499227777] Robot robot_0 is charging (it's battery level is 63.0)
[2025-11-10T13:48:46.599639355] Robot robot_0 is charging (it's battery level is 67.0)
[2025-11-10T13:48:46.700065530] Robot robot_0 is charging (it's battery level is 71.0)
[2025-11-10T13:48:46.800505743] Robot robot_0 is charging (it's battery level is 75.0)
[2025-11-10T13:48:46.900956851] Robot robot_0 is charging (it's battery level is 79.0)
[2025-11-10T13:48:47.001493865] Robot robot_0 is charging (it's battery level is 83.0)
[2025-11-10T13:48:47.101934428] Robot robot_0 is charging (it's battery level is 87.0)
[2025-11-10T13:48:47.202664555] Robot robot_0 is charging (it's battery level is 91.0)
[2025-11-10T13:48:47.303603021] Robot robot_0 is charging (it's battery level is 95.0)
[2025-11-10T13:48:47.404302837] Robot robot_0 is charging (it's battery level is 99.0)
[2025-11-10T13:48:47.504766447] Robot robot_0 is charging (it's battery level is 100.0)
[2025-11-10T13:48:47.605589813] Robot robot_0 is IDLE now and tries to get a new task (it's battery level is 100.0)
[2025-11-10T13:48:47.705938952] Robot robot_0 is working on task with id: 2025-11-10T13:48:24.792916880 (it's battery level is 99.5)
[2025-11-10T13:48:47.806327203] Robot robot_0 is working on task with id: 2025-11-10T13:48:24.792916880 (it's battery level is 99.0)
[2025-11-10T13:48:47.906599586] Robot robot_0 is working on task with id: 2025-11-10T13:48:24.792916880 (it's battery level is 98.5)
[2025-11-10T13:48:48.007000827] Robot robot_0 is working on task with id: 2025-11-10T13:48:24.792916880 (it's battery level is 98.0)
[2025-11-10T13:48:48.107475123] Robot robot_0 is working on task with id: 2025-11-10T13:48:24.792916880 (it's battery level is 97.5)
[2025-11-10T13:48:48.208000823] Robot robot_0 is working on task with id: 2025-11-10T13:48:24.792916880 (it's battery level is 97.0)
[2025-11-10T13:48:48.308896057] Robot robot_0 is working on task with id: 2025-11-10T13:48:24.792916880 (it's battery level is 96.5)
[2025-11-10T13:48:48.409413445] Robot robot_0 is working on task with id: 2025-11-10T13:48:24.792916880 (it's battery level is 96.0)
[2025-11-10T13:48:48.509856871] Robot robot_0 is working on task with id: 2025-11-10T13:48:24.792916880 (it's battery level is 95.5)
[2025-11-10T13:48:48.610306094] Robot robot_0 is working on task with id: 2025-11-10T13:48:24.792916880 (it's battery level is 95.0)
[2025-11-10T13:48:48.710780948] Robot robot_0 is working on task with id: 2025-11-10T13:48:24.792916880 (it's battery level is 94.5)
[2025-11-10T13:48:48.811253009] Robot robot_0 is working on task with id: 2025-11-10T13:48:24.792916880 (it's battery level is 94.0)
[2025-11-10T13:48:48.911744347] Robot robot_0 is working on task with id: 2025-11-10T13:48:24.792916880 (it's battery level is 93.5)
[2025-11-10T13:48:49.012200903] Robot robot_0 is working on task with id: 2025-11-10T13:48:24.792916880 (it's battery level is 93.0)
[2025-11-10T13:48:49.112859791] Robot robot_0 is working on task with id: 2025-11-10T13:48:24.792916880 (it's battery level is 92.5)
[2025-11-10T13:48:49.213658643] Robot robot_0 is working on task with id: 2025-11-10T13:48:24.792916880 (it's battery level is 92.0)
[2025-11-10T13:48:49.314362300] Robot robot_0 is working on task with id: 2025-11-10T13:48:24.792916880 (it's battery level is 91.5)
[2025-11-10T13:48:49.415169952] Robot robot_0 is working on task with id: 2025-11-10T13:48:24.792916880 (it's battery level is 91.0)
[2025-11-10T13:48:49.515849863] Robot robot_0 is working on task with id: 2025-11-10T13:48:24.792916880 (it's battery level is 90.5)
[2025-11-10T13:48:49.616425290] Robot robot_0 is working on task with id: 2025-11-10T13:48:24.792916880 (it's battery level is 90.0)
[2025-11-10T13:48:49.717597797] Robot robot_0 is IDLE now and tries to get a new task (it's battery level is 90.0)
[2025-11-10T13:48:49.817904053] Robot robot_0 is working on task with id: 2025-11-10T13:48:24.843516299 (it's battery level is 89.5)
[2025-11-10T13:48:49.918173083] Robot robot_0 is working on task with id: 2025-11-10T13:48:24.843516299 (it's battery level is 89.0)
[2025-11-10T13:48:50.018523969] Robot robot_0 is working on task with id: 2025-11-10T13:48:24.843516299 (it's battery level is 88.5)
[2025-11-10T13:48:50.118958804] Robot robot_0 is working on task with id: 2025-11-10T13:48:24.843516299 (it's battery level is 88.0)
[2025-11-10T13:48:50.219584238] Robot robot_0 is working on task with id: 2025-11-10T13:48:24.843516299 (it's battery level is 87.5)
[2025-11-10T13:48:50.320048127] Robot robot_0 is working on task with id: 2025-11-10T13:48:24.843516299 (it's battery level is 87.0)
[2025-11-10T13:48:50.420481566] Robot robot_0 is working on task with id: 2025-11-10T13:48:24.843516299 (it's battery level is 86.5)
[2025-11-10T13:48:50.520866534] Robot robot_0 is working on task with id: 2025-11-10T13:48:24.843516299 (it's battery level is 86.0)
[2025-11-10T13:48:50.621218118] Robot robot_0 is working on task with id: 2025-11-10T13:48:24.843516299 (it's battery level is 85.5)
[2025-11-10T13:48:50.721791799] Robot robot_0 is working on task with id: 2025-11-10T13:48:24.843516299 (it's battery level is 85.0)
[2025-11-10T13:48:50.822665661] Robot robot_0 is working on task with id: 2025-11-10T13:48:24.843516299 (it's battery level is 84.5)
[2025-11-10T13:48:50.923060477] Robot robot_0 is working on task with id: 2025-11-10T13:48:24.843516299 (it's battery level is 84.0)
[2025-11-10T13:48:51.023490633] Robot robot_0 is working on task with id: 2025-11-10T13:48:24.843516299 (it's battery level is 83.5)
[2025-11-10T13:48:51.123991468] Robot robot_0 is working on task with id: 2025-11-10T13:48:24.843516299 (it's battery level is 83.0)
[2025-11-10T13:48:51.224346335] Robot robot_0 is working on task with id: 2025-11-10T13:48:24.843516299 (it's battery level is 82.5)
[2025-11-10T13:48:51.324739823] Robot robot_0 is working on task with id: 2025-11-10T13:48:24.843516299 (it's battery level is 82.0)
[2025-11-10T13:48:51.425183668] Robot robot_0 is working on task with id: 2025-11-10T13:48:24.843516299 (it's battery level is 81.5)
[2025-11-10T13:48:51.525655939] Robot robot_0 is working on task with id: 2025-11-10T13:48:24.843516299 (it's battery level is 81.0)
[2025-11-10T13:48:51.626073453] Robot robot_0 is working on task with id: 2025-11-10T13:48:24.843516299 (it's battery level is 80.5)
[2025-11-10T13:48:51.726515133] Robot robot_0 is working on task with id: 2025-11-10T13:48:24.843516299 (it's battery level is 80.0)
[2025-11-10T13:48:51.827491523] Robot robot_0 is IDLE now and tries to get a new task (it's battery level is 80.0)
[2025-11-10T13:48:51.927733804] Robot robot_0 is working on task with id: 2025-11-10T13:48:24.893933290 (it's battery level is 79.5)
[2025-11-10T13:48:52.028138328] Robot robot_0 is working on task with id: 2025-11-10T13:48:24.893933290 (it's battery level is 79.0)
[2025-11-10T13:48:52.128613881] Robot robot_0 is working on task with id: 2025-11-10T13:48:24.893933290 (it's battery level is 78.5)
[2025-11-10T13:48:52.229477826] Robot robot_0 is working on task with id: 2025-11-10T13:48:24.893933290 (it's battery level is 78.0)
[2025-11-10T13:48:52.330516236] Robot robot_0 is working on task with id: 2025-11-10T13:48:24.893933290 (it's battery level is 77.5)
[2025-11-10T13:48:52.431528036] Robot robot_0 is working on task with id: 2025-11-10T13:48:24.893933290 (it's battery level is 77.0)
[2025-11-10T13:48:52.532126650] Robot robot_0 is working on task with id: 2025-11-10T13:48:24.893933290 (it's battery level is 76.5)
[2025-11-10T13:48:52.632564489] Robot robot_0 is working on task with id: 2025-11-10T13:48:24.893933290 (it's battery level is 76.0)
[2025-11-10T13:48:52.733033686] Robot robot_0 is working on task with id: 2025-11-10T13:48:24.893933290 (it's battery level is 75.5)
[2025-11-10T13:48:52.833498624] Robot robot_0 is working on task with id: 2025-11-10T13:48:24.893933290 (it's battery level is 75.0)
[2025-11-10T13:48:52.933865014] Robot robot_0 is working on task with id: 2025-11-10T13:48:24.893933290 (it's battery level is 74.5)
[2025-11-10T13:48:53.034355234] Robot robot_0 is working on task with id: 2025-11-10T13:48:24.893933290 (it's battery level is 74.0)
[2025-11-10T13:48:53.134905238] Robot robot_0 is working on task with id: 2025-11-10T13:48:24.893933290 (it's battery level is 73.5)
[2025-11-10T13:48:53.235318423] Robot robot_0 is working on task with id: 2025-11-10T13:48:24.893933290 (it's battery level is 73.0)
[2025-11-10T13:48:53.335969838] Robot robot_0 is working on task with id: 2025-11-10T13:48:24.893933290 (it's battery level is 72.5)
[2025-11-10T13:48:53.436219103] Robot robot_0 is working on task with id: 2025-11-10T13:48:24.893933290 (it's battery level is 72.0)
[2025-11-10T13:48:53.536552667] Robot robot_0 is working on task with id: 2025-11-10T13:48:24.893933290 (it's battery level is 71.5)
[2025-11-10T13:48:53.636942664] Robot robot_0 is working on task with id: 2025-11-10T13:48:24.893933290 (it's battery level is 71.0)
[2025-11-10T13:48:53.737394611] Robot robot_0 is working on task with id: 2025-11-10T13:48:24.893933290 (it's battery level is 70.5)
[2025-11-10T13:48:53.837858081] Robot robot_0 is working on task with id: 2025-11-10T13:48:24.893933290 (it's battery level is 70.0)
[2025-11-10T13:48:53.938817919] Robot robot_0 is IDLE now and tries to get a new task (it's battery level is 70.0)
[2025-11-10T13:48:54.039190036] Robot robot_0 is working on task with id: 2025-11-10T13:48:24.944262210 (it's battery level is 69.5)
[2025-11-10T13:48:54.139707285] Robot robot_0 is working on task with id: 2025-11-10T13:48:24.944262210 (it's battery level is 69.0)
[2025-11-10T13:48:54.240413875] Robot robot_0 is working on task with id: 2025-11-10T13:48:24.944262210 (it's battery level is 68.5)
[2025-11-10T13:48:54.341123818] Robot robot_0 is working on task with id: 2025-11-10T13:48:24.944262210 (it's battery level is 68.0)
[2025-11-10T13:48:54.441527504] Robot robot_0 is working on task with id: 2025-11-10T13:48:24.944262210 (it's battery level is 67.5)
[2025-11-10T13:48:54.541972606] Robot robot_0 is working on task with id: 2025-11-10T13:48:24.944262210 (it's battery level is 67.0)
[2025-11-10T13:48:54.642390051] Robot robot_0 is working on task with id: 2025-11-10T13:48:24.944262210 (it's battery level is 66.5)
[2025-11-10T13:48:54.742823489] Robot robot_0 is working on task with id: 2025-11-10T13:48:24.944262210 (it's battery level is 66.0)
[2025-11-10T13:48:54.843143574] Robot robot_0 is working on task with id: 2025-11-10T13:48:24.944262210 (it's battery level is 65.5)
[2025-11-10T13:48:54.943479164] Robot robot_0 is working on task with id: 2025-11-10T13:48:24.944262210 (it's battery level is 65.0)
[2025-11-10T13:48:55.043831515] Robot robot_0 is working on task with id: 2025-11-10T13:48:24.944262210 (it's battery level is 64.5)
[2025-11-10T13:48:55.144327043] Robot robot_0 is working on task with id: 2025-11-10T13:48:24.944262210 (it's battery level is 64.0)
[2025-11-10T13:48:55.244803784] Robot robot_0 is working on task with id: 2025-11-10T13:48:24.944262210 (it's battery level is 63.5)
[2025-11-10T13:48:55.345255870] Robot robot_0 is working on task with id: 2025-11-10T13:48:24.944262210 (it's battery level is 63.0)
[2025-11-10T13:48:55.445936759] Robot robot_0 is working on task with id: 2025-11-10T13:48:24.944262210 (it's battery level is 62.5)
[2025-11-10T13:48:55.546909797] Robot robot_0 is working on task with id: 2025-11-10T13:48:24.944262210 (it's battery level is 62.0)
[2025-11-10T13:48:55.647812364] Robot robot_0 is working on task with id: 2025-11-10T13:48:24.944262210 (it's battery level is 61.5)
[2025-11-10T13:48:55.748265847] Robot robot_0 is working on task with id: 2025-11-10T13:48:24.944262210 (it's battery level is 61.0)
[2025-11-10T13:48:55.849045352] Robot robot_0 is working on task with id: 2025-11-10T13:48:24.944262210 (it's battery level is 60.5)
[2025-11-10T13:48:55.949744749] Robot robot_0 is working on task with id: 2025-11-10T13:48:24.944262210 (it's battery level is 60.0)
[2025-11-10T13:48:56.050807883] Robot robot_0 is IDLE now and tries to get a new task (it's battery level is 60.0)
[2025-11-10T13:48:56.151142425] Robot robot_0 is working on task with id: 2025-11-10T13:48:24.994512419 (it's battery level is 59.5)
[2025-11-10T13:48:56.251531654] Robot robot_0 is working on task with id: 2025-11-10T13:48:24.994512419 (it's battery level is 59.0)
[2025-11-10T13:48:56.351906565] Robot robot_0 is working on task with id: 2025-11-10T13:48:24.994512419 (it's battery level is 58.5)
[2025-11-10T13:48:56.452343076] Robot robot_0 is working on task with id: 2025-11-10T13:48:24.994512419 (it's battery level is 58.0)
[2025-11-10T13:48:56.552801937] Robot robot_0 is working on task with id: 2025-11-10T13:48:24.994512419 (it's battery level is 57.5)
[2025-11-10T13:48:56.653300328] Robot robot_0 is working on task with id: 2025-11-10T13:48:24.994512419 (it's battery level is 57.0)
[2025-11-10T13:48:56.753679150] Robot robot_0 is working on task with id: 2025-11-10T13:48:24.994512419 (it's battery level is 56.5)
[2025-11-10T13:48:56.854426249] Robot robot_0 is working on task with id: 2025-11-10T13:48:24.994512419 (it's battery level is 56.0)
[2025-11-10T13:48:56.954919752] Robot robot_0 is working on task with id: 2025-11-10T13:48:24.994512419 (it's battery level is 55.5)
[2025-11-10T13:48:57.055329234] Robot robot_0 is working on task with id: 2025-11-10T13:48:24.994512419 (it's battery level is 55.0)
[2025-11-10T13:48:57.155795429] Robot robot_0 is working on task with id: 2025-11-10T13:48:24.994512419 (it's battery level is 54.5)
[2025-11-10T13:48:57.256305693] Robot robot_0 is working on task with id: 2025-11-10T13:48:24.994512419 (it's battery level is 54.0)
[2025-11-10T13:48:57.356737176] Robot robot_0 is working on task with id: 2025-11-10T13:48:24.994512419 (it's battery level is 53.5)
[2025-11-10T13:48:57.457117674] Robot robot_0 is working on task with id: 2025-11-10T13:48:24.994512419 (it's battery level is 53.0)
[2025-11-10T13:48:57.557558935] Robot robot_0 is working on task with id: 2025-11-10T13:48:24.994512419 (it's battery level is 52.5)
[2025-11-10T13:48:57.657946278] Robot robot_0 is working on task with id: 2025-11-10T13:48:24.994512419 (it's battery level is 52.0)
[2025-11-10T13:48:57.758324611] Robot robot_0 is working on task with id: 2025-11-10T13:48:24.994512419 (it's battery level is 51.5)
[2025-11-10T13:48:57.858838368] Robot robot_0 is working on task with id: 2025-11-10T13:48:24.994512419 (it's battery level is 51.0)
[2025-11-10T13:48:57.959255323] Robot robot_0 is working on task with id: 2025-11-10T13:48:24.994512419 (it's battery level is 50.5)
[2025-11-10T13:48:58.059788496] Robot robot_0 is working on task with id: 2025-11-10T13:48:24.994512419 (it's battery level is 50.0)
[2025-11-10T13:48:58.160762232] Robot robot_0 is IDLE now and tries to get a new task (it's battery level is 50.0)
[2025-11-10T13:48:58.261038806] Robot robot_0 is working on task with id: 2025-11-10T13:48:24.994612083 (it's battery level is 49.5)
[2025-11-10T13:48:58.361421888] Robot robot_0 is working on task with id: 2025-11-10T13:48:24.994612083 (it's battery level is 49.0)
[2025-11-10T13:48:58.462365872] Robot robot_0 is working on task with id: 2025-11-10T13:48:24.994612083 (it's battery level is 48.5)
[2025-11-10T13:48:58.563080494] Robot robot_0 is working on task with id: 2025-11-10T13:48:24.994612083 (it's battery level is 48.0)
[2025-11-10T13:48:58.664023779] Robot robot_0 is working on task with id: 2025-11-10T13:48:24.994612083 (it's battery level is 47.5)
[2025-11-10T13:48:58.764657734] Robot robot_0 is working on task with id: 2025-11-10T13:48:24.994612083 (it's battery level is 47.0)
[2025-11-10T13:48:58.865313409] Robot robot_0 is working on task with id: 2025-11-10T13:48:24.994612083 (it's battery level is 46.5)
[2025-11-10T13:48:58.966035365] Robot robot_0 is working on task with id: 2025-11-10T13:48:24.994612083 (it's battery level is 46.0)
[2025-11-10T13:48:59.066334986] Robot robot_0 is working on task with id: 2025-11-10T13:48:24.994612083 (it's battery level is 45.5)
[2025-11-10T13:48:59.166918515] Robot robot_0 is working on task with id: 2025-11-10T13:48:24.994612083 (it's battery level is 45.0)
[2025-11-10T13:48:59.267453714] Robot robot_0 is working on task with id: 2025-11-10T13:48:24.994612083 (it's battery level is 44.5)
[2025-11-10T13:48:59.368192012] Robot robot_0 is working on task with id: 2025-11-10T13:48:24.994612083 (it's battery level is 44.0)
[2025-11-10T13:48:59.468650035] Robot robot_0 is working on task with id: 2025-11-10T13:48:24.994612083 (it's battery level is 43.5)
[2025-11-10T13:48:59.569039333] Robot robot_0 is working on task with id: 2025-11-10T13:48:24.994612083 (it's battery level is 43.0)
[2025-11-10T13:48:59.669493515] Robot robot_0 is working on task with id: 2025-11-10T13:48:24.994612083 (it's battery level is 42.5)
[2025-11-10T13:48:59.769918921] Robot robot_0 is working on task with id: 2025-11-10T13:48:24.994612083 (it's battery level is 42.0)
[2025-11-10T13:48:59.870373103] Robot robot_0 is working on task with id: 2025-11-10T13:48:24.994612083 (it's battery level is 41.5)
[2025-11-10T13:48:59.970819113] Robot robot_0 is working on task with id: 2025-11-10T13:48:24.994612083 (it's battery level is 41.0)
[2025-11-10T13:49:00.071245288] Robot robot_0 is working on task with id: 2025-11-10T13:48:24.994612083 (it's battery level is 40.5)
[2025-11-10T13:49:00.171963402] Robot robot_0 is working on task with id: 2025-11-10T13:48:24.994612083 (it's battery level is 40.0)
[2025-11-10T13:49:00.272858846] Robot robot_0 is IDLE now and tries to get a new task (it's battery level is 40.0)
[2025-11-10T13:49:00.373553353] Robot robot_0 is working on task with id: 2025-11-10T13:48:25.045064065 (it's battery level is 39.5)
[2025-11-10T13:49:00.474202604] Robot robot_0 is working on task with id: 2025-11-10T13:48:25.045064065 (it's battery level is 39.0)
